# JRE version: OpenJDK Runtime Environment (19.0.1+10) (build 19.0.1+10-21)
# Java VM: OpenJDK 64-Bit Server VM (19.0.1+10-21, mixed mode, sharing, tiered, compressed oops, compressed class ptrs, g1 gc, linux-amd64)
GC Precious Log:
 CardTable entry size: 512
 Card Set container configuration: InlinePtr #cards 5 size 8 Array Of Cards #cards 12 size 40 Howl #buckets 4 coarsen threshold 1843 Howl Bitmap #cards 512 size 80 coarsen threshold 460 Card regions per heap region 1 cards per card region 2048
 CPUs: 4 total, 4 available
 Memory: 7830M
 Large Page Support: Disabled
 NUMA Support: Disabled
 Compressed Oops: Enabled (32-bit)
 Heap Region Size: 1M
 Heap Min Capacity: 8M
 Heap Initial Capacity: 124M
 Heap Max Capacity: 1958M
 Pre-touch: Disabled
 Parallel Workers: 4
 Concurrent Workers: 1
 Concurrent Refinement Workers: 4
 Periodic GC: Disabled
Heap:
 garbage-first heap   total 357376K, used 212383K [0x0000000085a00000, 0x0000000100000000)
  region size 1024K, 8 young (8192K), 5 survivors (5120K)
 Metaspace       used 28499K, committed 28928K, reserved 1114112K
  class space    used 4002K, committed 4224K, reserved 1048576K
GC Heap History (20 events):
Event: 12,292 GC heap before
{Heap before GC invocations=10 (full 0):
 garbage-first heap   total 130048K, used 74724K [0x0000000085a00000, 0x0000000100000000)
  region size 1024K, 4 young (4096K), 3 survivors (3072K)
 Metaspace       used 26276K, committed 26688K, reserved 1114112K
  class space    used 3717K, committed 3904K, reserved 1048576K
}
Event: 12,297 GC heap after
{Heap after GC invocations=11 (full 0):
 garbage-first heap   total 130048K, used 68621K [0x0000000085a00000, 0x0000000100000000)
  region size 1024K, 2 young (2048K), 2 survivors (2048K)
 Metaspace       used 26276K, committed 26688K, reserved 1114112K
  class space    used 3717K, committed 3904K, reserved 1048576K
}
Event: 12,363 GC heap before
{Heap before GC invocations=12 (full 0):
 garbage-first heap   total 130048K, used 74765K [0x0000000085a00000, 0x0000000100000000)
  region size 1024K, 3 young (3072K), 2 survivors (2048K)
 Metaspace       used 26291K, committed 26688K, reserved 1114112K
  class space    used 3717K, committed 3904K, reserved 1048576K
}
Event: 12,365 GC heap after
{Heap after GC invocations=13 (full 0):
 garbage-first heap   total 130048K, used 74713K [0x0000000085a00000, 0x0000000100000000)
  region size 1024K, 2 young (2048K), 2 survivors (2048K)
 Metaspace       used 26291K, committed 26688K, reserved 1114112K
  class space    used 3717K, committed 3904K, reserved 1048576K
}
Event: 12,415 GC heap before
{Heap before GC invocations=14 (full 0):
 garbage-first heap   total 140288K, used 80857K [0x0000000085a00000, 0x0000000100000000)
  region size 1024K, 3 young (3072K), 2 survivors (2048K)
 Metaspace       used 26293K, committed 26688K, reserved 1114112K
  class space    used 3717K, committed 3904K, reserved 1048576K
}
Event: 12,418 GC heap after
{Heap after GC invocations=15 (full 0):
 garbage-first heap   total 140288K, used 74638K [0x0000000085a00000, 0x0000000100000000)
  region size 1024K, 2 young (2048K), 2 survivors (2048K)
 Metaspace       used 26293K, committed 26688K, reserved 1114112K
  class space    used 3717K, committed 3904K, reserved 1048576K
}
Event: 12,466 GC heap before
{Heap before GC invocations=16 (full 0):
 garbage-first heap   total 140288K, used 80782K [0x0000000085a00000, 0x0000000100000000)
  region size 1024K, 3 young (3072K), 2 survivors (2048K)
 Metaspace       used 26296K, committed 26688K, reserved 1114112K
  class space    used 3717K, committed 3904K, reserved 1048576K
}
Event: 12,468 GC heap after
{Heap after GC invocations=17 (full 0):
 garbage-first heap   total 140288K, used 80778K [0x0000000085a00000, 0x0000000100000000)
  region size 1024K, 2 young (2048K), 2 survivors (2048K)
 Metaspace       used 26296K, committed 26688K, reserved 1114112K
  class space    used 3717K, committed 3904K, reserved 1048576K
}
Event: 12,526 GC heap before
{Heap before GC invocations=18 (full 0):
 garbage-first heap   total 158720K, used 92042K [0x0000000085a00000, 0x0000000100000000)
  region size 1024K, 3 young (3072K), 2 survivors (2048K)
 Metaspace       used 26298K, committed 26752K, reserved 1114112K
  class space    used 3717K, committed 3904K, reserved 1048576K
}
Event: 12,530 GC heap after
{Heap after GC invocations=19 (full 0):
 garbage-first heap   total 317440K, used 80783K [0x0000000085a00000, 0x0000000100000000)
  region size 1024K, 2 young (2048K), 2 survivors (2048K)
 Metaspace       used 26298K, committed 26752K, reserved 1114112K
  class space    used 3717K, committed 3904K, reserved 1048576K
}
Event: 12,834 GC heap before
{Heap before GC invocations=19 (full 0):
 garbage-first heap   total 317440K, used 120719K [0x0000000085a00000, 0x0000000100000000)
  region size 1024K, 3 young (3072K), 2 survivors (2048K)
 Metaspace       used 26308K, committed 26752K, reserved 1114112K
  class space    used 3717K, committed 3904K, reserved 1048576K
}
Event: 12,836 GC heap after
{Heap after GC invocations=20 (full 0):
 garbage-first heap   total 317440K, used 92233K [0x0000000085a00000, 0x0000000100000000)
  region size 1024K, 2 young (2048K), 2 survivors (2048K)
 Metaspace       used 26308K, committed 26752K, reserved 1114112K
  class space    used 3717K, committed 3904K, reserved 1048576K
}
Event: 15,802 GC heap before
{Heap before GC invocations=20 (full 0):
 garbage-first heap   total 317440K, used 145481K [0x0000000085a00000, 0x0000000100000000)
  region size 1024K, 18 young (18432K), 2 survivors (2048K)
 Metaspace       used 26898K, committed 27328K, reserved 1114112K
  class space    used 3776K, committed 3968K, reserved 1048576K
}
Event: 15,805 GC heap after
{Heap after GC invocations=21 (full 0):
 garbage-first heap   total 317440K, used 131414K [0x0000000085a00000, 0x0000000100000000)
  region size 1024K, 3 young (3072K), 3 survivors (3072K)
 Metaspace       used 26898K, committed 27328K, reserved 1114112K
  class space    used 3776K, committed 3968K, reserved 1048576K
}
Event: 16,635 GC heap before
{Heap before GC invocations=21 (full 0):
 garbage-first heap   total 317440K, used 168278K [0x0000000085a00000, 0x0000000100000000)
  region size 1024K, 12 young (12288K), 3 survivors (3072K)
 Metaspace       used 27881K, committed 28288K, reserved 1114112K
  class space    used 3976K, committed 4160K, reserved 1048576K
}
Event: 16,641 GC heap after
{Heap after GC invocations=22 (full 0):
 garbage-first heap   total 317440K, used 161289K [0x0000000085a00000, 0x0000000100000000)
  region size 1024K, 4 young (4096K), 4 survivors (4096K)
 Metaspace       used 27881K, committed 28288K, reserved 1114112K
  class space    used 3976K, committed 4160K, reserved 1048576K
}
Event: 21,634 GC heap before
{Heap before GC invocations=23 (full 0):
 garbage-first heap   total 337920K, used 201225K [0x0000000085a00000, 0x0000000100000000)
  region size 1024K, 7 young (7168K), 4 survivors (4096K)
 Metaspace       used 27995K, committed 28416K, reserved 1114112K
  class space    used 3976K, committed 4160K, reserved 1048576K
}
Event: 21,640 GC heap after
{Heap after GC invocations=24 (full 0):
 garbage-first heap   total 337920K, used 161621K [0x0000000085a00000, 0x0000000100000000)
  region size 1024K, 5 young (5120K), 5 survivors (5120K)
 Metaspace       used 27995K, committed 28416K, reserved 1114112K
  class space    used 3976K, committed 4160K, reserved 1048576K
}
Event: 26,878 GC heap before
{Heap before GC invocations=25 (full 0):
 garbage-first heap   total 339968K, used 210773K [0x0000000085a00000, 0x0000000100000000)
  region size 1024K, 17 young (17408K), 5 survivors (5120K)
 Metaspace       used 28487K, committed 28928K, reserved 1114112K
  class space    used 4002K, committed 4224K, reserved 1048576K
}
Event: 26,888 GC heap after
{Heap after GC invocations=26 (full 0):
 garbage-first heap   total 339968K, used 162207K [0x0000000085a00000, 0x0000000100000000)
  region size 1024K, 5 young (5120K), 5 survivors (5120K)
 Metaspace       used 28487K, committed 28928K, reserved 1114112K
  class space    used 4002K, committed 4224K, reserved 1048576K
}

